<?xml version="1.0" encoding="UTF-8"?>
<!-- Generated by org.testng.reporters.JUnitReportReporter -->
<testsuite hostname="DESKTOP-23DKO3H" failures="0" tests="12" name="testNGPack2.Flag6" time="0.077" errors="0" timestamp="2023-01-21T15:07:34 IST" skipped="0">
  <testcase classname="testNGPack2.Flag6" name="ft2" time="0.007"/>
  <system-out>
    <![CDATA[Functional Testing2]]>
  </system-out>
  <testcase classname="testNGPack2.Flag6" name="ft6" time="0.005"/>
  <system-out>
    <![CDATA[Functional Testing6]]>
  </system-out>
  <testcase classname="testNGPack2.Flag6" name="ft1" time="0.029"/>
  <system-out>
    <![CDATA[Functional Testing1]]>
  </system-out>
  <testcase classname="testNGPack2.Flag6" name="it2" time="0.003"/>
  <system-out>
    <![CDATA[Integration Testing2]]>
  </system-out>
  <testcase classname="testNGPack2.Flag6" name="it3" time="0.005"/>
  <system-out>
    <![CDATA[Integration Testing3]]>
  </system-out>
  <testcase classname="testNGPack2.Flag6" name="it4" time="0.005"/>
  <system-out>
    <![CDATA[Integration Testing4]]>
  </system-out>
  <testcase classname="testNGPack2.Flag6" name="it6" time="0.005"/>
  <system-out>
    <![CDATA[Integration Testing6]]>
  </system-out>
  <testcase classname="testNGPack2.Flag6" name="ft5" time="0.003"/>
  <system-out>
    <![CDATA[Functional Testing5]]>
  </system-out>
  <testcase classname="testNGPack2.Flag6" name="it5" time="0.004"/>
  <system-out>
    <![CDATA[Integration Testing5]]>
  </system-out>
  <testcase classname="testNGPack2.Flag6" name="it1" time="0.002"/>
  <system-out>
    <![CDATA[Integration Testing1]]>
  </system-out>
  <testcase classname="testNGPack2.Flag6" name="ft3" time="0.007"/>
  <system-out>
    <![CDATA[Functional Testing3]]>
  </system-out>
  <testcase classname="testNGPack2.Flag6" name="ft4" time="0.002"/>
  <system-out>
    <![CDATA[Functional Testing4]]>
  </system-out>
</testsuite> <!-- testNGPack2.Flag6 -->
