<?xml version="1.0" encoding="UTF-8"?>
<!-- Generated by org.testng.reporters.JUnitReportReporter -->
<testsuite hostname="DESKTOP-23DKO3H" failures="0" tests="1" name="testNGParallelExecution.TestNg1" time="0.022" errors="0" timestamp="2023-01-23T14:17:24 IST" skipped="0">
  <testcase classname="testNGParallelExecution.TestNg1" name="m1" time="0.022"/>
  <system-out>
    <![CDATA[m1 method]]>
  </system-out>
</testsuite> <!-- testNGParallelExecution.TestNg1 -->
