<?xml version="1.0" encoding="UTF-8"?>
<!-- Generated by org.testng.reporters.JUnitReportReporter -->
<testsuite hostname="DESKTOP-23DKO3H" failures="0" tests="10" name="testNGPack2.Flag3" time="104.343" errors="0" timestamp="2023-01-23T20:02:04 IST" skipped="0">
  <testcase classname="testNGPack2.Flag3" name="flag3" time="5.795"/>
  <system-out/>
  <testcase classname="testNGPack2.Flag3" name="flag3" time="11.283"/>
  <system-out/>
  <testcase classname="testNGPack2.Flag3" name="flag3" time="6.397"/>
  <system-out/>
  <testcase classname="testNGPack2.Flag3" name="flag3" time="6.813"/>
  <system-out/>
  <testcase classname="testNGPack2.Flag3" name="flag3" time="7.592"/>
  <system-out/>
  <testcase classname="testNGPack2.Flag3" name="flag3" time="35.120"/>
  <system-out/>
  <testcase classname="testNGPack2.Flag3" name="flag3" time="9.124"/>
  <system-out/>
  <testcase classname="testNGPack2.Flag3" name="flag3" time="7.600"/>
  <system-out/>
  <testcase classname="testNGPack2.Flag3" name="flag3" time="6.307"/>
  <system-out/>
  <testcase classname="testNGPack2.Flag3" name="flag3" time="8.312"/>
  <system-out/>
</testsuite> <!-- testNGPack2.Flag3 -->
