<?xml version="1.0" encoding="UTF-8"?>
<!-- Generated by org.testng.reporters.JUnitReportReporter -->
<testsuite hostname="DESKTOP-23DKO3H" failures="0" tests="3" name="testNGPack.Sumo" time="0.024" errors="0" timestamp="2023-01-23T20:24:54 IST" skipped="0">
  <testcase classname="testNGPack.Sumo" name="sumo1" time="0.002"/>
  <system-out>
    <![CDATA[This is sumo1 method]]>
  </system-out>
  <testcase classname="testNGPack.Sumo" name="sumo2" time="0.019"/>
  <system-out>
    <![CDATA[This is sumo2 method]]>
  </system-out>
  <testcase classname="testNGPack.Sumo" name="sumo" time="0.003"/>
  <system-out>
    <![CDATA[This is sumo method]]>
  </system-out>
</testsuite> <!-- testNGPack.Sumo -->
