<?xml version="1.0" encoding="UTF-8"?>
<!-- Generated by org.testng.reporters.JUnitReportReporter -->
<testsuite hostname="DESKTOP-23DKO3H" failures="0" tests="2" name="testNGParallelExecution.TestNg3" time="0.042" errors="0" timestamp="2023-01-23T14:17:24 IST" skipped="0">
  <testcase classname="testNGParallelExecution.TestNg3" name="method1" time="0.020"/>
  <system-out>
    <![CDATA[i am method1]]>
  </system-out>
  <testcase classname="testNGParallelExecution.TestNg3" name="method2" time="0.022"/>
  <system-out>
    <![CDATA[i am method2]]>
  </system-out>
</testsuite> <!-- testNGParallelExecution.TestNg3 -->
