<?xml version="1.0" encoding="UTF-8"?>
<!-- Generated by org.testng.reporters.JUnitReportReporter -->
<testsuite hostname="DESKTOP-23DKO3H" failures="0" tests="2" name="takeScreenShotDynamic.ActiTimeTestNGLogin" time="29.303" errors="0" timestamp="2023-01-27T19:38:20 IST" skipped="0">
  <testcase classname="takeScreenShotDynamic.ActiTimeTestNGLogin" name="LogInPage" time="13.869"/>
  <system-out/>
  <testcase classname="takeScreenShotDynamic.ActiTimeTestNGLogin" name="homePage" time="15.434"/>
  <system-out/>
</testsuite> <!-- takeScreenShotDynamic.ActiTimeTestNGLogin -->
