<?xml version="1.0" encoding="UTF-8"?>
<!-- Generated by org.testng.reporters.JUnitReportReporter -->
<testsuite hostname="DESKTOP-23DKO3H" failures="0" tests="3" name="testNGPack2.Flag4" time="0.020" errors="0" timestamp="2023-01-20T20:11:26 IST" skipped="0">
  <testcase classname="testNGPack2.Flag4" name="logOut" time="0.002"/>
  <system-out>
    <![CDATA[logOut is done]]>
  </system-out>
  <testcase classname="testNGPack2.Flag4" name="createUser" time="0.002"/>
  <system-out>
    <![CDATA[User created!!]]>
  </system-out>
  <testcase classname="testNGPack2.Flag4" name="logInMethod" time="0.016"/>
  <system-out>
    <![CDATA[Login is Done!!]]>
  </system-out>
</testsuite> <!-- testNGPack2.Flag4 -->
