<?xml version="1.0" encoding="UTF-8"?>
<!-- Generated by org.testng.reporters.JUnitReportReporter -->
<testsuite hostname="DESKTOP-23DKO3H" failures="0" tests="2" name="testNGParallelExecution.testNg4" time="0.026" errors="0" timestamp="2023-01-23T14:39:40 IST" skipped="0">
  <testcase classname="testNGParallelExecution.testNg4" name="tomorrow" time="0.003"/>
  <system-out>
    <![CDATA[today method1is the thread]]>
  </system-out>
  <testcase classname="testNGParallelExecution.testNg4" name="today" time="0.023"/>
  <system-out>
    <![CDATA[today method1is the thread]]>
  </system-out>
</testsuite> <!-- testNGParallelExecution.testNg4 -->
