<?xml version="1.0" encoding="UTF-8"?>
<!-- Generated by org.testng.reporters.JUnitReportReporter -->
<testsuite hostname="DESKTOP-23DKO3H" failures="0" tests="2" name="testNGPack2.Noannotations1" time="0.018" errors="0" timestamp="2023-01-20T19:59:19 IST" skipped="0">
  <testcase classname="testNGPack2.Noannotations1" name="test1" time="0.004"/>
  <system-out>
    <![CDATA[@Test1 Annotation]]>
  </system-out>
  <testcase classname="testNGPack2.Noannotations1" name="test" time="0.014"/>
  <system-out>
    <![CDATA[@Test Annotation]]>
  </system-out>
</testsuite> <!-- testNGPack2.Noannotations1 -->
